<?xml version="1.0" encoding="UTF-8"?>
<!-- Generated by org.testng.reporters.JUnitReportReporter -->
<testsuite hostname="LAPTOP-VRAFTVET" failures="0" tests="1" name="com.qa.testcases.BnkMngrLoginTestcase" time="3.616" errors="0" timestamp="2024-03-08T20:50:22 IST" skipped="0">
  <testcase classname="com.qa.testcases.BnkMngrLoginTestcase" name="customerloginpagetest" time="3.616"/>
</testsuite> <!-- com.qa.testcases.BnkMngrLoginTestcase -->
