<?xml version="1.0" encoding="UTF-8"?>
<!-- Generated by org.testng.reporters.JUnitReportReporter -->
<testsuite hostname="LAPTOP-VRAFTVET" failures="0" tests="1" name="com.qa.testcases.CustomerLoginPageTest" time="3.778" errors="0" timestamp="2024-03-08T21:02:32 IST" skipped="0">
  <testcase classname="com.qa.testcases.CustomerLoginPageTest" name="customerloginpagetest" time="3.778"/>
</testsuite> <!-- com.qa.testcases.CustomerLoginPageTest -->
