<?xml version="1.0" encoding="UTF-8"?>
<!-- Generated by org.testng.reporters.JUnitReportReporter -->
<testsuite hostname="LAPTOP-VRAFTVET" failures="0" tests="1" name="com.qa.testcases.CustomerDepositTestcase" time="5.782" errors="0" timestamp="2024-03-08T17:16:34 IST" skipped="0">
  <testcase classname="com.qa.testcases.CustomerDepositTestcase" name="customerloginpagetest" time="5.782"/>
</testsuite> <!-- com.qa.testcases.CustomerDepositTestcase -->
