<?xml version="1.0" encoding="UTF-8"?>
<!-- Generated by org.testng.reporters.JUnitReportReporter -->
<testsuite hostname="LAPTOP-VRAFTVET" failures="0" tests="1" name="com.qa.testcases.CustomerDepositsTestcase" time="4.496" errors="0" timestamp="2024-03-08T21:02:32 IST" skipped="0">
  <testcase classname="com.qa.testcases.CustomerDepositsTestcase" name="customerloginpagetest" time="4.496"/>
</testsuite> <!-- com.qa.testcases.CustomerDepositsTestcase -->
